...
--------------------------------------------------------------------------------
-----------------------------------  Gnomix  -----------------------------------
--------------------------------------------------------------------------------
When using this software, please cite: 
Helgi Hilmarsson, Arvind S Kumar, Richa Rastogi, Carlos D Bustamante, 
Daniel Mas Montserrat, Alexander G Ioannidis: 
"High Resolution Ancestry Deconvolution for Next Generation Genomic Data" 
https://www.biorxiv.org/content/10.1101/2021.09.19.460980v1
--------------------------------------------------------------------------------
--------------------------------------------------------------------------------
--------------------------------------------------------------------------------
Launching in pre-trained mode...
Loading model...
Launching inference...
Loading and processing query file...
- Number of SNPs from model: 317408
- Number of SNPs from file: 62013
- Number of intersecting SNPs: 46033
- Percentage of model SNPs covered by query file: 14.499999999999998%
- Found 1 (0.0022%) different reference variants. Adjusting...
Inferring ancestry on query data...
Phasing individual 1/1
Writing phased SNPs to disk...
Saving results...